<?xml version="1.0" encoding="UTF-8"?>
<testng-results ignored="0" total="3" passed="3" failed="0" skipped="0">
  <reporter-output>
  </reporter-output>
  <suite started-at="2026-02-20T23:25:54 IST" name="Surefire suite" finished-at="2026-02-20T23:26:12 IST" duration-ms="17805">
    <groups>
      <group name="cucumber">
        <method signature="AbstractTestNGCucumberTests.runScenario(io.cucumber.testng.PickleWrapper,io.cucumber.testng.FeatureWrapper)[pri:0, instance:Runners.TestRunner@38cee291]" name="runScenario" class="io.cucumber.testng.AbstractTestNGCucumberTests"/>
      </group> <!-- cucumber -->
    </groups>
    <test started-at="2026-02-20T23:25:54 IST" name="Surefire test" finished-at="2026-02-20T23:26:12 IST" duration-ms="17805">
      <class name="Runners.TestRunner">
        <test-method is-config="true" signature="setUpClass(org.testng.ITestContext)[pri:0, instance:Runners.TestRunner@38cee291]" started-at="2026-02-20T23:25:54 IST" name="setUpClass" finished-at="2026-02-20T23:25:55 IST" duration-ms="648" status="PASS">
          <params>
            <param index="0">
              <value>
                <![CDATA[org.testng.TestRunner@47a64f7d]]>
              </value>
            </param>
          </params>
          <reporter-output>
          </reporter-output>
        </test-method> <!-- setUpClass -->
        <test-method signature="runScenario(io.cucumber.testng.PickleWrapper,io.cucumber.testng.FeatureWrapper)[pri:0, instance:Runners.TestRunner@38cee291]" started-at="2026-02-20T23:25:55 IST" name="runScenario" description="Runs Cucumber Scenarios" data-provider="scenarios" finished-at="2026-02-20T23:26:02 IST" duration-ms="6853" status="PASS">
          <params>
            <param index="0">
              <value>
                <![CDATA["Launch Google HomePage"]]>
              </value>
            </param>
            <param index="1">
              <value>
                <![CDATA["Example feature"]]>
              </value>
            </param>
          </params>
          <reporter-output>
          </reporter-output>
        </test-method> <!-- runScenario -->
        <test-method signature="runScenario(io.cucumber.testng.PickleWrapper,io.cucumber.testng.FeatureWrapper)[pri:0, instance:Runners.TestRunner@38cee291]" started-at="2026-02-20T23:25:55 IST" name="runScenario" description="Runs Cucumber Scenarios" data-provider="scenarios" finished-at="2026-02-20T23:26:07 IST" duration-ms="12031" status="PASS">
          <params>
            <param index="0">
              <value>
                <![CDATA["Launch Google HomePage scenario3"]]>
              </value>
            </param>
            <param index="1">
              <value>
                <![CDATA["Example feature"]]>
              </value>
            </param>
          </params>
          <reporter-output>
          </reporter-output>
        </test-method> <!-- runScenario -->
        <test-method signature="runScenario(io.cucumber.testng.PickleWrapper,io.cucumber.testng.FeatureWrapper)[pri:0, instance:Runners.TestRunner@38cee291]" started-at="2026-02-20T23:25:55 IST" name="runScenario" description="Runs Cucumber Scenarios" data-provider="scenarios" finished-at="2026-02-20T23:26:12 IST" duration-ms="17060" status="PASS">
          <params>
            <param index="0">
              <value>
                <![CDATA["Launch Google HomePage scenario2"]]>
              </value>
            </param>
            <param index="1">
              <value>
                <![CDATA["Example feature"]]>
              </value>
            </param>
          </params>
          <reporter-output>
          </reporter-output>
        </test-method> <!-- runScenario -->
        <test-method is-config="true" signature="tearDownClass()[pri:0, instance:Runners.TestRunner@38cee291]" started-at="2026-02-20T23:26:12 IST" name="tearDownClass" finished-at="2026-02-20T23:26:12 IST" duration-ms="39" status="PASS">
          <reporter-output>
          </reporter-output>
        </test-method> <!-- tearDownClass -->
      </class> <!-- Runners.TestRunner -->
    </test> <!-- Surefire test -->
  </suite> <!-- Surefire suite -->
</testng-results>
