<?xml version="1.0" encoding="UTF-8"?>
<testsuite xmlns:xsi="http://www.w3.org/2001/XMLSchema-instance" xsi:noNamespaceSchemaLocation="https://maven.apache.org/surefire/maven-surefire-plugin/xsd/surefire-test-report-3.0.xsd" version="3.0" name="Runners.TestRunner" time="18.835" tests="3" errors="0" skipped="0" failures="0">
  <properties>
[...]
</properties>
  <testcase name="runScenario[&quot;Launch Google HomePage&quot;, &quot;Example feature&quot;](1)" classname="Runners.TestRunner" time="6.858">
    <system-out><![CDATA[
@Test
Scenario: Launch Google HomePage scenario2 # src/test/resources/features/example.feature:9

@Test
Scenario: Launch Google HomePage # src/test/resources/features/example.feature:4

@Test
Scenario: Launch Google HomePage scenario3 # src/test/resources/features/example.feature:14
Launching browser...
Launching browser...
Launching browser...
  Given I Launch Browser         # steps.StepDefinitions.i_launch_browser_given()
Navigating to Google...
Google Homepage is Displayed Successfully
  Then I Navigate to google      # steps.StepDefinitions.i_navigate_to_google()
]]></system-out>
    <system-err><![CDATA[SLF4J(W): No SLF4J providers were found.
SLF4J(W): Defaulting to no-operation (NOP) logger implementation
SLF4J(W): See https://www.slf4j.org/codes.html#noProviders for further details.
Feb 20, 2026 11:25:55 PM org.openqa.selenium.remote.tracing.opentelemetry.OpenTelemetryTracer createTracer
INFO: Using OpenTelemetry for tracing
]]></system-err>
  </testcase>
  <testcase name="runScenario[&quot;Launch Google HomePage scenario3&quot;, &quot;Example feature&quot;](2)" classname="Runners.TestRunner" time="12.06">
    <system-out><![CDATA[  Given I Launch Browser                   # steps.StepDefinitions.i_launch_browser_given()
Navigating to Google...
Google Homepage is Displayed Successfully
  Then I Navigate to google                # steps.StepDefinitions.i_navigate_to_google()
]]></system-out>
  </testcase>
  <testcase name="runScenario[&quot;Launch Google HomePage scenario2&quot;, &quot;Example feature&quot;](3)" classname="Runners.TestRunner" time="17.063">
    <system-out><![CDATA[  Given I Launch Browser                   # steps.StepDefinitions.i_launch_browser_given()
Navigating to Google...
Google Homepage is Displayed Successfully
  Then I Navigate to google                # steps.StepDefinitions.i_navigate_to_google()
]]></system-out>
  </testcase>
</testsuite>