<?xml version="1.0" encoding="UTF-8"?>
<!-- Generated by org.testng.reporters.JUnitReportReporter -->
<testsuite hostname="LAPTOP-G7ISR2CT" failures="0" tests="3" name="Runners.TestRunner" time="35.944" errors="0" timestamp="2026-02-20T23:26:12 IST" skipped="0">
  <testcase classname="Runners.TestRunner" name="runScenario" time="6.853"/>
  <testcase classname="Runners.TestRunner" name="runScenario" time="12.031"/>
  <testcase classname="Runners.TestRunner" name="runScenario" time="17.060"/>
</testsuite> <!-- Runners.TestRunner -->
